Change Managed Component Library Link : Designator=BT1 Old VaultGUID= New VaultGUID=6565B1FD-AFCD-4CA7-A0D5-5068FAC846C3 Old ItemGUID= New ItemGUID=6E3070B3-CC03-4CE2-AE2A-8A86DC27F6EE Old RevisionGUID= New RevisionGUID=68F581D8-89F0-46F2-9A56-B7C041752716
Change Managed Component Library Link : Designator=C1 Old VaultGUID= New VaultGUID=B7D15EC3-160A-466F-A46C-7801FE6295A7 Old ItemGUID= New ItemGUID=F3D3F189-4800-43D3-A633-276D11AD384B Old RevisionGUID= New RevisionGUID=03EA207A-46E8-4D33-B299-BF9A950E6BF3
Change Managed Component Library Link : Designator=C2 Old VaultGUID= New VaultGUID=B7D15EC3-160A-466F-A46C-7801FE6295A7 Old ItemGUID= New ItemGUID=F3D3F189-4800-43D3-A633-276D11AD384B Old RevisionGUID= New RevisionGUID=03EA207A-46E8-4D33-B299-BF9A950E6BF3
Change Managed Component Library Link : Designator=C3 Old VaultGUID= New VaultGUID=B7D15EC3-160A-466F-A46C-7801FE6295A7 Old ItemGUID= New ItemGUID=FEEE7CA9-7281-407D-85F7-1DAE9BE5FC9B Old RevisionGUID= New RevisionGUID=3FBC012A-4991-4265-9421-0164FF01D6B2
Change Managed Component Library Link : Designator=C4 Old VaultGUID= New VaultGUID=B7D15EC3-160A-466F-A46C-7801FE6295A7 Old ItemGUID= New ItemGUID=FEEE7CA9-7281-407D-85F7-1DAE9BE5FC9B Old RevisionGUID= New RevisionGUID=3FBC012A-4991-4265-9421-0164FF01D6B2
Change Managed Component Library Link : Designator=C5 Old VaultGUID= New VaultGUID=6565B1FD-AFCD-4CA7-A0D5-5068FAC846C3 Old ItemGUID= New ItemGUID=BC8666CE-8C74-4753-A9B2-D21BAAA66FBE Old RevisionGUID= New RevisionGUID=DDC0755E-DFF7-4986-9D87-94BAD326771D
Change Managed Component Library Link : Designator=C6 Old VaultGUID= New VaultGUID=6565B1FD-AFCD-4CA7-A0D5-5068FAC846C3 Old ItemGUID= New ItemGUID=BC8666CE-8C74-4753-A9B2-D21BAAA66FBE Old RevisionGUID= New RevisionGUID=DDC0755E-DFF7-4986-9D87-94BAD326771D
Change Managed Component Library Link : Designator=C7 Old VaultGUID= New VaultGUID=6565B1FD-AFCD-4CA7-A0D5-5068FAC846C3 Old ItemGUID= New ItemGUID=BC8666CE-8C74-4753-A9B2-D21BAAA66FBE Old RevisionGUID= New RevisionGUID=DDC0755E-DFF7-4986-9D87-94BAD326771D
Change Managed Component Library Link : Designator=C8 Old VaultGUID= New VaultGUID=B7D15EC3-160A-466F-A46C-7801FE6295A7 Old ItemGUID= New ItemGUID=FEEE7CA9-7281-407D-85F7-1DAE9BE5FC9B Old RevisionGUID= New RevisionGUID=3FBC012A-4991-4265-9421-0164FF01D6B2
Change Managed Component Library Link : Designator=C9 Old VaultGUID= New VaultGUID=B7D15EC3-160A-466F-A46C-7801FE6295A7 Old ItemGUID= New ItemGUID=FEEE7CA9-7281-407D-85F7-1DAE9BE5FC9B Old RevisionGUID= New RevisionGUID=3FBC012A-4991-4265-9421-0164FF01D6B2
Change Managed Component Library Link : Designator=C10 Old VaultGUID= New VaultGUID=B7D15EC3-160A-466F-A46C-7801FE6295A7 Old ItemGUID= New ItemGUID=FEEE7CA9-7281-407D-85F7-1DAE9BE5FC9B Old RevisionGUID= New RevisionGUID=3FBC012A-4991-4265-9421-0164FF01D6B2
Change Managed Component Library Link : Designator=C11 Old VaultGUID= New VaultGUID=6565B1FD-AFCD-4CA7-A0D5-5068FAC846C3 Old ItemGUID= New ItemGUID=BC8666CE-8C74-4753-A9B2-D21BAAA66FBE Old RevisionGUID= New RevisionGUID=DDC0755E-DFF7-4986-9D87-94BAD326771D
Change Managed Component Library Link : Designator=C12 Old VaultGUID= New VaultGUID=B7D15EC3-160A-466F-A46C-7801FE6295A7 Old ItemGUID= New ItemGUID=FEEE7CA9-7281-407D-85F7-1DAE9BE5FC9B Old RevisionGUID= New RevisionGUID=3FBC012A-4991-4265-9421-0164FF01D6B2
Change Managed Component Library Link : Designator=C13 Old VaultGUID= New VaultGUID=B7D15EC3-160A-466F-A46C-7801FE6295A7 Old ItemGUID= New ItemGUID=FEEE7CA9-7281-407D-85F7-1DAE9BE5FC9B Old RevisionGUID= New RevisionGUID=3FBC012A-4991-4265-9421-0164FF01D6B2
Change Managed Component Library Link : Designator=C14 Old VaultGUID= New VaultGUID=B7D15EC3-160A-466F-A46C-7801FE6295A7 Old ItemGUID= New ItemGUID=7CFF5A6C-BBF7-455F-A469-D7A3AD968D13 Old RevisionGUID= New RevisionGUID=175424DB-72CD-4684-8E2C-531D2412E8E3
Change Managed Component Library Link : Designator=C15 Old VaultGUID= New VaultGUID=B7D15EC3-160A-466F-A46C-7801FE6295A7 Old ItemGUID= New ItemGUID=FEEE7CA9-7281-407D-85F7-1DAE9BE5FC9B Old RevisionGUID= New RevisionGUID=3FBC012A-4991-4265-9421-0164FF01D6B2
Change Managed Component Library Link : Designator=C16 Old VaultGUID= New VaultGUID=B7D15EC3-160A-466F-A46C-7801FE6295A7 Old ItemGUID= New ItemGUID=FEEE7CA9-7281-407D-85F7-1DAE9BE5FC9B Old RevisionGUID= New RevisionGUID=3FBC012A-4991-4265-9421-0164FF01D6B2
Change Managed Component Library Link : Designator=C17 Old VaultGUID= New VaultGUID=6565B1FD-AFCD-4CA7-A0D5-5068FAC846C3 Old ItemGUID= New ItemGUID=DC40A0B4-4A5A-4023-B92D-54BCAA955FB8 Old RevisionGUID= New RevisionGUID=600C014A-E629-4C86-B3A0-678EF804FBCF
Change Managed Component Library Link : Designator=C18 Old VaultGUID= New VaultGUID=B7D15EC3-160A-466F-A46C-7801FE6295A7 Old ItemGUID= New ItemGUID=FEEE7CA9-7281-407D-85F7-1DAE9BE5FC9B Old RevisionGUID= New RevisionGUID=3FBC012A-4991-4265-9421-0164FF01D6B2
Change Managed Component Library Link : Designator=C19 Old VaultGUID= New VaultGUID=B7D15EC3-160A-466F-A46C-7801FE6295A7 Old ItemGUID= New ItemGUID=FEEE7CA9-7281-407D-85F7-1DAE9BE5FC9B Old RevisionGUID= New RevisionGUID=3FBC012A-4991-4265-9421-0164FF01D6B2
Change Managed Component Library Link : Designator=C20 Old VaultGUID= New VaultGUID=B7D15EC3-160A-466F-A46C-7801FE6295A7 Old ItemGUID= New ItemGUID=FEEE7CA9-7281-407D-85F7-1DAE9BE5FC9B Old RevisionGUID= New RevisionGUID=3FBC012A-4991-4265-9421-0164FF01D6B2
Change Managed Component Library Link : Designator=C21 Old VaultGUID= New VaultGUID=B7D15EC3-160A-466F-A46C-7801FE6295A7 Old ItemGUID= New ItemGUID=FEEE7CA9-7281-407D-85F7-1DAE9BE5FC9B Old RevisionGUID= New RevisionGUID=3FBC012A-4991-4265-9421-0164FF01D6B2
Change Managed Component Library Link : Designator=D1 Old VaultGUID= New VaultGUID=6565B1FD-AFCD-4CA7-A0D5-5068FAC846C3 Old ItemGUID= New ItemGUID=9793ED3B-B52E-4912-B3F6-0EF0401BC341 Old RevisionGUID= New RevisionGUID=BFE20F1A-5A1B-4779-AB5F-BD9695EE1398
Change Managed Component Library Link : Designator=D2 Old VaultGUID= New VaultGUID=6565B1FD-AFCD-4CA7-A0D5-5068FAC846C3 Old ItemGUID= New ItemGUID=9793ED3B-B52E-4912-B3F6-0EF0401BC341 Old RevisionGUID= New RevisionGUID=BFE20F1A-5A1B-4779-AB5F-BD9695EE1398
Change Managed Component Library Link : Designator=P3 Old VaultGUID= New VaultGUID=6565B1FD-AFCD-4CA7-A0D5-5068FAC846C3 Old ItemGUID= New ItemGUID=D892E694-0572-410E-8A30-F393D8FA9BA2 Old RevisionGUID= New RevisionGUID=C1CC4831-F09C-4EFC-A9AE-A4A179E6A4C6
Change Managed Component Library Link : Designator=P4 Old VaultGUID= New VaultGUID=6565B1FD-AFCD-4CA7-A0D5-5068FAC846C3 Old ItemGUID= New ItemGUID=DAF63CD1-DDB1-4097-A597-CF74CA639B5C Old RevisionGUID= New RevisionGUID=A3D8BF5D-62F9-47F4-94A2-2C2A9C2F78F5
Change Managed Component Library Link : Designator=R1 Old VaultGUID= New VaultGUID=6565B1FD-AFCD-4CA7-A0D5-5068FAC846C3 Old ItemGUID= New ItemGUID=BB7C92D7-199C-4BA6-8856-40DD733C53CB Old RevisionGUID= New RevisionGUID=FC2EC54C-90CE-4015-846A-02F6506E07CE
Change Managed Component Library Link : Designator=R2 Old VaultGUID= New VaultGUID=6565B1FD-AFCD-4CA7-A0D5-5068FAC846C3 Old ItemGUID= New ItemGUID=59C7147A-A418-487E-A8C1-0E366E6F77E3 Old RevisionGUID= New RevisionGUID=3FEB3566-D62C-45CB-829E-4AFD669D72A5
Change Managed Component Library Link : Designator=R3 Old VaultGUID= New VaultGUID=6565B1FD-AFCD-4CA7-A0D5-5068FAC846C3 Old ItemGUID= New ItemGUID=59C7147A-A418-487E-A8C1-0E366E6F77E3 Old RevisionGUID= New RevisionGUID=3FEB3566-D62C-45CB-829E-4AFD669D72A5
Change Managed Component Library Link : Designator=R4 Old VaultGUID= New VaultGUID=6565B1FD-AFCD-4CA7-A0D5-5068FAC846C3 Old ItemGUID= New ItemGUID=7C4E5437-8C91-4E98-99F6-E0CAF2B1B636 Old RevisionGUID= New RevisionGUID=7AA452CF-2D72-48BC-A1D9-5924BD9FA84B
Change Managed Component Library Link : Designator=R5 Old VaultGUID= New VaultGUID=6565B1FD-AFCD-4CA7-A0D5-5068FAC846C3 Old ItemGUID= New ItemGUID=7C4E5437-8C91-4E98-99F6-E0CAF2B1B636 Old RevisionGUID= New RevisionGUID=7AA452CF-2D72-48BC-A1D9-5924BD9FA84B
Change Managed Component Library Link : Designator=R6 Old VaultGUID= New VaultGUID=6565B1FD-AFCD-4CA7-A0D5-5068FAC846C3 Old ItemGUID= New ItemGUID=263C44C9-56C2-4F09-8489-3C1FDC9CC79E Old RevisionGUID= New RevisionGUID=5EEDF865-82B3-464F-A144-47DF99C20B05
Change Managed Component Library Link : Designator=U1 Old VaultGUID= New VaultGUID=6565B1FD-AFCD-4CA7-A0D5-5068FAC846C3 Old ItemGUID= New ItemGUID=FC2EDF24-F988-498A-BF31-990DDAAB8662 Old RevisionGUID= New RevisionGUID=9721AF10-CE8B-4014-BC49-DDAF66C4A1CC
Change Managed Component Library Link : Designator=U2 Old VaultGUID= New VaultGUID=B7D15EC3-160A-466F-A46C-7801FE6295A7 Old ItemGUID= New ItemGUID=166B1F22-8B90-425A-BD99-033BFB080331 Old RevisionGUID= New RevisionGUID=CC41AF29-5FFB-42F6-B4A8-D191DE7CE9E5
Change Managed Component Library Link : Designator=U3 Old VaultGUID= New VaultGUID=B7D15EC3-160A-466F-A46C-7801FE6295A7 Old ItemGUID= New ItemGUID=A7BF7CD4-731C-4831-B61C-30CB9BAEFFC8 Old RevisionGUID= New RevisionGUID=90E9B856-9CC1-4E0C-8B46-A7BAD528B53A
Change Managed Component Library Link : Designator=X1 Old VaultGUID= New VaultGUID=6565B1FD-AFCD-4CA7-A0D5-5068FAC846C3 Old ItemGUID= New ItemGUID=B4468A06-FADF-4559-BEC3-9A5727F90601 Old RevisionGUID= New RevisionGUID=9B6A4583-A1B9-4D0C-95F5-80514D1D698F
Added Pin To Net: NetName=GND Pin=U2-5
Added Pin To Net: NetName=GND Pin=U3-16
