Removed Pin From Net: NetName=P3V3 Pin=C4-1
Removed Pin From Net: NetName=GND Pin=C4-2
Removed Pin From Net: NetName=P3V3 Pin=C13-1
Removed Pin From Net: NetName=GND Pin=C13-2
Removed Member From Class: ClassName=Microcontroller Member=C10
Removed Member From Class: ClassName=Sensors Member=C15
Change Component Designator: OldDesignator=C5 NewDesignator=C4
Change Component Designator: OldDesignator=C6 NewDesignator=C5
Change Component Designator: OldDesignator=C7 NewDesignator=C6
Change Component Designator: OldDesignator=C8 NewDesignator=C7
Change Component Designator: OldDesignator=C9 NewDesignator=C8
Change Component Designator: OldDesignator=C10 NewDesignator=C9
Change Component Designator: OldDesignator=C11 NewDesignator=C10
Change Component Designator: OldDesignator=C12 NewDesignator=C11
Change Component Designator: OldDesignator=C14 NewDesignator=C12
Change Component Designator: OldDesignator=C15 NewDesignator=C13
Change Component Designator: OldDesignator=C21 NewDesignator=C14
Change Net Name : Old Net Name=NetC12_1 New Net Name=NetC11_1
Change Net Name : Old Net Name=NetC14_2 New Net Name=NetC12_2
Change Net Name : Old Net Name=NetC15_1 New Net Name=NetC13_1
Change Net Name : Old Net Name=NetC21_1 New Net Name=NetC14_1
