22:51:00 **** Incremental Build of configuration Debug for project AssignmentBreadboard ****
make all 
Building file: ../Sources/Events.c
Invoking: Cross ARM C Compiler
arm-none-eabi-gcc -mcpu=cortex-m4 -mthumb -O0 -fmessage-length=0 -fsigned-char -ffunction-sections -fdata-sections  -g3 -I"C:/Users/matth/OneDrive/Engineering/2020 Semester 2/CC3501/CC3501-Assignment/Code/AssignmentBreadboard/Static_Code/PDD" -I"C:/Users/matth/OneDrive/Engineering/2020 Semester 2/CC3501/CC3501-Assignment/Code/AssignmentBreadboard/Static_Code/IO_Map" -I"C:/Users/matth/OneDrive/Engineering/2020 Semester 2/CC3501/CC3501-Assignment/Code/AssignmentBreadboard/Sources" -I"C:/Users/matth/OneDrive/Engineering/2020 Semester 2/CC3501/CC3501-Assignment/Code/AssignmentBreadboard/Generated_Code" -std=c99 -MMD -MP -MF"Sources/Events.d" -MT"Sources/Events.o" -c -o "Sources/Events.o" "../Sources/Events.c"
Finished building: ../Sources/Events.c
 
Building file: ../Sources/main.c
Invoking: Cross ARM C Compiler
arm-none-eabi-gcc -mcpu=cortex-m4 -mthumb -O0 -fmessage-length=0 -fsigned-char -ffunction-sections -fdata-sections  -g3 -I"C:/Users/matth/OneDrive/Engineering/2020 Semester 2/CC3501/CC3501-Assignment/Code/AssignmentBreadboard/Static_Code/PDD" -I"C:/Users/matth/OneDrive/Engineering/2020 Semester 2/CC3501/CC3501-Assignment/Code/AssignmentBreadboard/Static_Code/IO_Map" -I"C:/Users/matth/OneDrive/Engineering/2020 Semester 2/CC3501/CC3501-Assignment/Code/AssignmentBreadboard/Sources" -I"C:/Users/matth/OneDrive/Engineering/2020 Semester 2/CC3501/CC3501-Assignment/Code/AssignmentBreadboard/Generated_Code" -std=c99 -MMD -MP -MF"Sources/main.d" -MT"Sources/main.o" -c -o "Sources/main.o" "../Sources/main.c"
Finished building: ../Sources/main.c
 
Building file: ../Generated_Code/ASerialLdd1.c
Invoking: Cross ARM C Compiler
arm-none-eabi-gcc -mcpu=cortex-m4 -mthumb -O0 -fmessage-length=0 -fsigned-char -ffunction-sections -fdata-sections  -g3 -I"C:/Users/matth/OneDrive/Engineering/2020 Semester 2/CC3501/CC3501-Assignment/Code/AssignmentBreadboard/Static_Code/PDD" -I"C:/Users/matth/OneDrive/Engineering/2020 Semester 2/CC3501/CC3501-Assignment/Code/AssignmentBreadboard/Static_Code/IO_Map" -I"C:/Users/matth/OneDrive/Engineering/2020 Semester 2/CC3501/CC3501-Assignment/Code/AssignmentBreadboard/Sources" -I"C:/Users/matth/OneDrive/Engineering/2020 Semester 2/CC3501/CC3501-Assignment/Code/AssignmentBreadboard/Generated_Code" -std=c99 -MMD -MP -MF"Generated_Code/ASerialLdd1.d" -MT"Generated_Code/ASerialLdd1.o" -c -o "Generated_Code/ASerialLdd1.o" "../Generated_Code/ASerialLdd1.c"
Finished building: ../Generated_Code/ASerialLdd1.c
 
Building file: ../Generated_Code/ASerialLdd2.c
Invoking: Cross ARM C Compiler
arm-none-eabi-gcc -mcpu=cortex-m4 -mthumb -O0 -fmessage-length=0 -fsigned-char -ffunction-sections -fdata-sections  -g3 -I"C:/Users/matth/OneDrive/Engineering/2020 Semester 2/CC3501/CC3501-Assignment/Code/AssignmentBreadboard/Static_Code/PDD" -I"C:/Users/matth/OneDrive/Engineering/2020 Semester 2/CC3501/CC3501-Assignment/Code/AssignmentBreadboard/Static_Code/IO_Map" -I"C:/Users/matth/OneDrive/Engineering/2020 Semester 2/CC3501/CC3501-Assignment/Code/AssignmentBreadboard/Sources" -I"C:/Users/matth/OneDrive/Engineering/2020 Semester 2/CC3501/CC3501-Assignment/Code/AssignmentBreadboard/Generated_Code" -std=c99 -MMD -MP -MF"Generated_Code/ASerialLdd2.d" -MT"Generated_Code/ASerialLdd2.o" -c -o "Generated_Code/ASerialLdd2.o" "../Generated_Code/ASerialLdd2.c"
Finished building: ../Generated_Code/ASerialLdd2.c
 
Building file: ../Generated_Code/BTUART.c
Invoking: Cross ARM C Compiler
arm-none-eabi-gcc -mcpu=cortex-m4 -mthumb -O0 -fmessage-length=0 -fsigned-char -ffunction-sections -fdata-sections  -g3 -I"C:/Users/matth/OneDrive/Engineering/2020 Semester 2/CC3501/CC3501-Assignment/Code/AssignmentBreadboard/Static_Code/PDD" -I"C:/Users/matth/OneDrive/Engineering/2020 Semester 2/CC3501/CC3501-Assignment/Code/AssignmentBreadboard/Static_Code/IO_Map" -I"C:/Users/matth/OneDrive/Engineering/2020 Semester 2/CC3501/CC3501-Assignment/Code/AssignmentBreadboard/Sources" -I"C:/Users/matth/OneDrive/Engineering/2020 Semester 2/CC3501/CC3501-Assignment/Code/AssignmentBreadboard/Generated_Code" -std=c99 -MMD -MP -MF"Generated_Code/BTUART.d" -MT"Generated_Code/BTUART.o" -c -o "Generated_Code/BTUART.o" "../Generated_Code/BTUART.c"
Finished building: ../Generated_Code/BTUART.c
 
Building file: ../Generated_Code/Cpu.c
Invoking: Cross ARM C Compiler
arm-none-eabi-gcc -mcpu=cortex-m4 -mthumb -O0 -fmessage-length=0 -fsigned-char -ffunction-sections -fdata-sections  -g3 -I"C:/Users/matth/OneDrive/Engineering/2020 Semester 2/CC3501/CC3501-Assignment/Code/AssignmentBreadboard/Static_Code/PDD" -I"C:/Users/matth/OneDrive/Engineering/2020 Semester 2/CC3501/CC3501-Assignment/Code/AssignmentBreadboard/Static_Code/IO_Map" -I"C:/Users/matth/OneDrive/Engineering/2020 Semester 2/CC3501/CC3501-Assignment/Code/AssignmentBreadboard/Sources" -I"C:/Users/matth/OneDrive/Engineering/2020 Semester 2/CC3501/CC3501-Assignment/Code/AssignmentBreadboard/Generated_Code" -std=c99 -MMD -MP -MF"Generated_Code/Cpu.d" -MT"Generated_Code/Cpu.o" -c -o "Generated_Code/Cpu.o" "../Generated_Code/Cpu.c"
Finished building: ../Generated_Code/Cpu.c
 
Building file: ../Generated_Code/I2C.c
Invoking: Cross ARM C Compiler
arm-none-eabi-gcc -mcpu=cortex-m4 -mthumb -O0 -fmessage-length=0 -fsigned-char -ffunction-sections -fdata-sections  -g3 -I"C:/Users/matth/OneDrive/Engineering/2020 Semester 2/CC3501/CC3501-Assignment/Code/AssignmentBreadboard/Static_Code/PDD" -I"C:/Users/matth/OneDrive/Engineering/2020 Semester 2/CC3501/CC3501-Assignment/Code/AssignmentBreadboard/Static_Code/IO_Map" -I"C:/Users/matth/OneDrive/Engineering/2020 Semester 2/CC3501/CC3501-Assignment/Code/AssignmentBreadboard/Sources" -I"C:/Users/matth/OneDrive/Engineering/2020 Semester 2/CC3501/CC3501-Assignment/Code/AssignmentBreadboard/Generated_Code" -std=c99 -MMD -MP -MF"Generated_Code/I2C.d" -MT"Generated_Code/I2C.o" -c -o "Generated_Code/I2C.o" "../Generated_Code/I2C.c"
Finished building: ../Generated_Code/I2C.c
 
Building file: ../Generated_Code/Inhr1.c
Invoking: Cross ARM C Compiler
arm-none-eabi-gcc -mcpu=cortex-m4 -mthumb -O0 -fmessage-length=0 -fsigned-char -ffunction-sections -fdata-sections  -g3 -I"C:/Users/matth/OneDrive/Engineering/2020 Semester 2/CC3501/CC3501-Assignment/Code/AssignmentBreadboard/Static_Code/PDD" -I"C:/Users/matth/OneDrive/Engineering/2020 Semester 2/CC3501/CC3501-Assignment/Code/AssignmentBreadboard/Static_Code/IO_Map" -I"C:/Users/matth/OneDrive/Engineering/2020 Semester 2/CC3501/CC3501-Assignment/Code/AssignmentBreadboard/Sources" -I"C:/Users/matth/OneDrive/Engineering/2020 Semester 2/CC3501/CC3501-Assignment/Code/AssignmentBreadboard/Generated_Code" -std=c99 -MMD -MP -MF"Generated_Code/Inhr1.d" -MT"Generated_Code/Inhr1.o" -c -o "Generated_Code/Inhr1.o" "../Generated_Code/Inhr1.c"
Finished building: ../Generated_Code/Inhr1.c
 
Building file: ../Generated_Code/IntI2cLdd1.c
Invoking: Cross ARM C Compiler
arm-none-eabi-gcc -mcpu=cortex-m4 -mthumb -O0 -fmessage-length=0 -fsigned-char -ffunction-sections -fdata-sections  -g3 -I"C:/Users/matth/OneDrive/Engineering/2020 Semester 2/CC3501/CC3501-Assignment/Code/AssignmentBreadboard/Static_Code/PDD" -I"C:/Users/matth/OneDrive/Engineering/2020 Semester 2/CC3501/CC3501-Assignment/Code/AssignmentBreadboard/Static_Code/IO_Map" -I"C:/Users/matth/OneDrive/Engineering/2020 Semester 2/CC3501/CC3501-Assignment/Code/AssignmentBreadboard/Sources" -I"C:/Users/matth/OneDrive/Engineering/2020 Semester 2/CC3501/CC3501-Assignment/Code/AssignmentBreadboard/Generated_Code" -std=c99 -MMD -MP -MF"Generated_Code/IntI2cLdd1.d" -MT"Generated_Code/IntI2cLdd1.o" -c -o "Generated_Code/IntI2cLdd1.o" "../Generated_Code/IntI2cLdd1.c"
Finished building: ../Generated_Code/IntI2cLdd1.c
 
Building file: ../Generated_Code/PE_LDD.c
Invoking: Cross ARM C Compiler
arm-none-eabi-gcc -mcpu=cortex-m4 -mthumb -O0 -fmessage-length=0 -fsigned-char -ffunction-sections -fdata-sections  -g3 -I"C:/Users/matth/OneDrive/Engineering/2020 Semester 2/CC3501/CC3501-Assignment/Code/AssignmentBreadboard/Static_Code/PDD" -I"C:/Users/matth/OneDrive/Engineering/2020 Semester 2/CC3501/CC3501-Assignment/Code/AssignmentBreadboard/Static_Code/IO_Map" -I"C:/Users/matth/OneDrive/Engineering/2020 Semester 2/CC3501/CC3501-Assignment/Code/AssignmentBreadboard/Sources" -I"C:/Users/matth/OneDrive/Engineering/2020 Semester 2/CC3501/CC3501-Assignment/Code/AssignmentBreadboard/Generated_Code" -std=c99 -MMD -MP -MF"Generated_Code/PE_LDD.d" -MT"Generated_Code/PE_LDD.o" -c -o "Generated_Code/PE_LDD.o" "../Generated_Code/PE_LDD.c"
Finished building: ../Generated_Code/PE_LDD.c
 
Building file: ../Generated_Code/RealTimeLdd1.c
Invoking: Cross ARM C Compiler
arm-none-eabi-gcc -mcpu=cortex-m4 -mthumb -O0 -fmessage-length=0 -fsigned-char -ffunction-sections -fdata-sections  -g3 -I"C:/Users/matth/OneDrive/Engineering/2020 Semester 2/CC3501/CC3501-Assignment/Code/AssignmentBreadboard/Static_Code/PDD" -I"C:/Users/matth/OneDrive/Engineering/2020 Semester 2/CC3501/CC3501-Assignment/Code/AssignmentBreadboard/Static_Code/IO_Map" -I"C:/Users/matth/OneDrive/Engineering/2020 Semester 2/CC3501/CC3501-Assignment/Code/AssignmentBreadboard/Sources" -I"C:/Users/matth/OneDrive/Engineering/2020 Semester 2/CC3501/CC3501-Assignment/Code/AssignmentBreadboard/Generated_Code" -std=c99 -MMD -MP -MF"Generated_Code/RealTimeLdd1.d" -MT"Generated_Code/RealTimeLdd1.o" -c -o "Generated_Code/RealTimeLdd1.o" "../Generated_Code/RealTimeLdd1.c"
Finished building: ../Generated_Code/RealTimeLdd1.c
 
Building file: ../Generated_Code/TU1.c
Invoking: Cross ARM C Compiler
arm-none-eabi-gcc -mcpu=cortex-m4 -mthumb -O0 -fmessage-length=0 -fsigned-char -ffunction-sections -fdata-sections  -g3 -I"C:/Users/matth/OneDrive/Engineering/2020 Semester 2/CC3501/CC3501-Assignment/Code/AssignmentBreadboard/Static_Code/PDD" -I"C:/Users/matth/OneDrive/Engineering/2020 Semester 2/CC3501/CC3501-Assignment/Code/AssignmentBreadboard/Static_Code/IO_Map" -I"C:/Users/matth/OneDrive/Engineering/2020 Semester 2/CC3501/CC3501-Assignment/Code/AssignmentBreadboard/Sources" -I"C:/Users/matth/OneDrive/Engineering/2020 Semester 2/CC3501/CC3501-Assignment/Code/AssignmentBreadboard/Generated_Code" -std=c99 -MMD -MP -MF"Generated_Code/TU1.d" -MT"Generated_Code/TU1.o" -c -o "Generated_Code/TU1.o" "../Generated_Code/TU1.c"
Finished building: ../Generated_Code/TU1.c
 
Building file: ../Generated_Code/Term.c
Invoking: Cross ARM C Compiler
arm-none-eabi-gcc -mcpu=cortex-m4 -mthumb -O0 -fmessage-length=0 -fsigned-char -ffunction-sections -fdata-sections  -g3 -I"C:/Users/matth/OneDrive/Engineering/2020 Semester 2/CC3501/CC3501-Assignment/Code/AssignmentBreadboard/Static_Code/PDD" -I"C:/Users/matth/OneDrive/Engineering/2020 Semester 2/CC3501/CC3501-Assignment/Code/AssignmentBreadboard/Static_Code/IO_Map" -I"C:/Users/matth/OneDrive/Engineering/2020 Semester 2/CC3501/CC3501-Assignment/Code/AssignmentBreadboard/Sources" -I"C:/Users/matth/OneDrive/Engineering/2020 Semester 2/CC3501/CC3501-Assignment/Code/AssignmentBreadboard/Generated_Code" -std=c99 -MMD -MP -MF"Generated_Code/Term.d" -MT"Generated_Code/Term.o" -c -o "Generated_Code/Term.o" "../Generated_Code/Term.c"
Finished building: ../Generated_Code/Term.c
 
Building file: ../Generated_Code/Timer.c
Invoking: Cross ARM C Compiler
arm-none-eabi-gcc -mcpu=cortex-m4 -mthumb -O0 -fmessage-length=0 -fsigned-char -ffunction-sections -fdata-sections  -g3 -I"C:/Users/matth/OneDrive/Engineering/2020 Semester 2/CC3501/CC3501-Assignment/Code/AssignmentBreadboard/Static_Code/PDD" -I"C:/Users/matth/OneDrive/Engineering/2020 Semester 2/CC3501/CC3501-Assignment/Code/AssignmentBreadboard/Static_Code/IO_Map" -I"C:/Users/matth/OneDrive/Engineering/2020 Semester 2/CC3501/CC3501-Assignment/Code/AssignmentBreadboard/Sources" -I"C:/Users/matth/OneDrive/Engineering/2020 Semester 2/CC3501/CC3501-Assignment/Code/AssignmentBreadboard/Generated_Code" -std=c99 -MMD -MP -MF"Generated_Code/Timer.d" -MT"Generated_Code/Timer.o" -c -o "Generated_Code/Timer.o" "../Generated_Code/Timer.c"
Finished building: ../Generated_Code/Timer.c
 
Building file: ../Generated_Code/Vectors.c
Invoking: Cross ARM C Compiler
arm-none-eabi-gcc -mcpu=cortex-m4 -mthumb -O0 -fmessage-length=0 -fsigned-char -ffunction-sections -fdata-sections  -g3 -I"C:/Users/matth/OneDrive/Engineering/2020 Semester 2/CC3501/CC3501-Assignment/Code/AssignmentBreadboard/Static_Code/PDD" -I"C:/Users/matth/OneDrive/Engineering/2020 Semester 2/CC3501/CC3501-Assignment/Code/AssignmentBreadboard/Static_Code/IO_Map" -I"C:/Users/matth/OneDrive/Engineering/2020 Semester 2/CC3501/CC3501-Assignment/Code/AssignmentBreadboard/Sources" -I"C:/Users/matth/OneDrive/Engineering/2020 Semester 2/CC3501/CC3501-Assignment/Code/AssignmentBreadboard/Generated_Code" -std=c99 -MMD -MP -MF"Generated_Code/Vectors.d" -MT"Generated_Code/Vectors.o" -c -o "Generated_Code/Vectors.o" "../Generated_Code/Vectors.c"
Finished building: ../Generated_Code/Vectors.c
 
Building target: AssignmentBreadboard.elf
Invoking: Cross ARM C++ Linker
arm-none-eabi-g++ -mcpu=cortex-m4 -mthumb -O0 -fmessage-length=0 -fsigned-char -ffunction-sections -fdata-sections  -g3 -T "C:/Users/matth/OneDrive/Engineering/2020 Semester 2/CC3501/CC3501-Assignment/Code/AssignmentBreadboard/Project_Settings/Linker_Files/ProcessorExpert.ld" -Xlinker --gc-sections -L"C:/Users/matth/OneDrive/Engineering/2020 Semester 2/CC3501/CC3501-Assignment/Code/AssignmentBreadboard/Project_Settings/Linker_Files" -Wl,-Map,"AssignmentBreadboard.map" -specs=nano.specs -specs=nosys.specs -o "AssignmentBreadboard.elf"  ./Sources/Events.o ./Sources/main.o  ./Project_Settings/Startup_Code/startup.o  ./Generated_Code/ASerialLdd1.o ./Generated_Code/ASerialLdd2.o ./Generated_Code/BTUART.o ./Generated_Code/Cpu.o ./Generated_Code/I2C.o ./Generated_Code/Inhr1.o ./Generated_Code/IntI2cLdd1.o ./Generated_Code/PE_LDD.o ./Generated_Code/RealTimeLdd1.o ./Generated_Code/TU1.o ./Generated_Code/Term.o ./Generated_Code/Timer.o ./Generated_Code/Vectors.o   
Finished building target: AssignmentBreadboard.elf
 

22:51:07 Build Finished (took 7s.418ms)

